<?xml version="1.0" encoding="UTF-8"?>
<testng-results ignored="0" total="1" passed="1" failed="0" skipped="0">
  <reporter-output>
  </reporter-output>
  <suite started-at="2022-04-28T21:55:12 IST" name="Default suite" finished-at="2022-04-28T21:55:33 IST" duration-ms="20839">
    <groups>
    </groups>
    <test started-at="2022-04-28T21:55:12 IST" name="Default test" finished-at="2022-04-28T21:55:33 IST" duration-ms="20839">
      <class name="com.simplilearn.Amazon">
        <test-method is-config="true" signature="inti()[pri:0, instance:com.simplilearn.Amazon@e15b7e8]" started-at="2022-04-28T21:55:12 IST" name="inti" finished-at="2022-04-28T21:55:15 IST" duration-ms="3340" status="PASS">
          <reporter-output>
          </reporter-output>
        </test-method> <!-- inti -->
        <test-method signature="test2()[pri:0, instance:com.simplilearn.Amazon@e15b7e8]" started-at="2022-04-28T21:55:15 IST" name="test2" finished-at="2022-04-28T21:55:33 IST" duration-ms="17372" status="PASS">
          <reporter-output>
          </reporter-output>
        </test-method> <!-- test2 -->
        <test-method is-config="true" signature="closing()[pri:0, instance:com.simplilearn.Amazon@e15b7e8]" started-at="2022-04-28T21:55:33 IST" name="closing" finished-at="2022-04-28T21:55:33 IST" duration-ms="2" status="PASS">
          <reporter-output>
          </reporter-output>
        </test-method> <!-- closing -->
      </class> <!-- com.simplilearn.Amazon -->
    </test> <!-- Default test -->
  </suite> <!-- Default suite -->
</testng-results>
